<?xml version="1.0" encoding="UTF-8"?>
<!-- Generated by org.testng.reporters.JUnitReportReporter -->
<testsuite hostname="DESKTOP-1KCH29T" failures="0" tests="1" name="LaunchPage" time="8.778" errors="0" timestamp="2024-08-02T22:02:58 IST" skipped="0">
  <testcase classname="LaunchPage" name="launchPage" time="8.778"/>
  <system-out/>
</testsuite> <!-- LaunchPage -->
